# JRE version: Java(TM) SE Runtime Environment (17.0.8+9) (build 17.0.8+9-LTS-211)
# Java VM: Java HotSpot(TM) 64-Bit Server VM (17.0.8+9-LTS-211, mixed mode, sharing, tiered, compressed oops, compressed class ptrs, g1 gc, windows-amd64)
GC Precious Log:
 CPUs: 12 total, 12 available
 Memory: 7549M
 Large Page Support: Disabled
 NUMA Support: Disabled
 Compressed Oops: Enabled (32-bit)
 Heap Region Size: 1M
 Heap Min Capacity: 8M
 Heap Initial Capacity: 118M
 Heap Max Capacity: 1888M
 Pre-touch: Disabled
 Parallel Workers: 10
 Concurrent Workers: 3
 Concurrent Refinement Workers: 10
 Periodic GC: Disabled
Heap:
 garbage-first heap   total 71680K, used 52000K [0x000000008a000000, 0x0000000100000000)
  region size 1024K, 24 young (24576K), 4 survivors (4096K)
 Metaspace       used 73076K, committed 73664K, reserved 1114112K
  class space    used 10156K, committed 10432K, reserved 1048576K
GC Heap History (20 events):
Event: 4.256 GC heap before
{Heap before GC invocations=6 (full 0):
 garbage-first heap   total 55296K, used 36964K [0x000000008a000000, 0x0000000100000000)
  region size 1024K, 21 young (21504K), 1 survivors (1024K)
 Metaspace       used 29329K, committed 29696K, reserved 1114112K
  class space    used 3748K, committed 3904K, reserved 1048576K
}
Event: 4.259 GC heap after
{Heap after GC invocations=7 (full 0):
 garbage-first heap   total 90112K, used 18452K [0x000000008a000000, 0x0000000100000000)
  region size 1024K, 2 young (2048K), 2 survivors (2048K)
 Metaspace       used 29329K, committed 29696K, reserved 1114112K
  class space    used 3748K, committed 3904K, reserved 1048576K
}
Event: 4.937 GC heap before
{Heap before GC invocations=7 (full 0):
 garbage-first heap   total 90112K, used 48148K [0x000000008a000000, 0x0000000100000000)
  region size 1024K, 32 young (32768K), 2 survivors (2048K)
 Metaspace       used 35618K, committed 36096K, reserved 1114112K
  class space    used 4746K, committed 4992K, reserved 1048576K
}
Event: 4.940 GC heap after
{Heap after GC invocations=8 (full 0):
 garbage-first heap   total 90112K, used 19746K [0x000000008a000000, 0x0000000100000000)
  region size 1024K, 3 young (3072K), 3 survivors (3072K)
 Metaspace       used 35618K, committed 36096K, reserved 1114112K
  class space    used 4746K, committed 4992K, reserved 1048576K
}
Event: 6.032 GC heap before
{Heap before GC invocations=9 (full 0):
 garbage-first heap   total 71680K, used 61730K [0x000000008a000000, 0x0000000100000000)
  region size 1024K, 42 young (43008K), 3 survivors (3072K)
 Metaspace       used 45885K, committed 46400K, reserved 1114112K
  class space    used 6050K, committed 6272K, reserved 1048576K
}
Event: 6.037 GC heap after
{Heap after GC invocations=10 (full 0):
 garbage-first heap   total 71680K, used 24434K [0x000000008a000000, 0x0000000100000000)
  region size 1024K, 6 young (6144K), 6 survivors (6144K)
 Metaspace       used 45885K, committed 46400K, reserved 1114112K
  class space    used 6050K, committed 6272K, reserved 1048576K
}
Event: 6.063 GC heap before
{Heap before GC invocations=10 (full 0):
 garbage-first heap   total 71680K, used 24434K [0x000000008a000000, 0x0000000100000000)
  region size 1024K, 7 young (7168K), 6 survivors (6144K)
 Metaspace       used 45933K, committed 46400K, reserved 1114112K
  class space    used 6056K, committed 6272K, reserved 1048576K
}
Event: 6.068 GC heap after
{Heap after GC invocations=11 (full 0):
 garbage-first heap   total 71680K, used 24605K [0x000000008a000000, 0x0000000100000000)
  region size 1024K, 1 young (1024K), 1 survivors (1024K)
 Metaspace       used 45933K, committed 46400K, reserved 1114112K
  class space    used 6056K, committed 6272K, reserved 1048576K
}
Event: 6.988 GC heap before
{Heap before GC invocations=11 (full 0):
 garbage-first heap   total 71680K, used 55325K [0x000000008a000000, 0x0000000100000000)
  region size 1024K, 31 young (31744K), 1 survivors (1024K)
 Metaspace       used 53734K, committed 54208K, reserved 1114112K
  class space    used 7291K, committed 7488K, reserved 1048576K
}
Event: 6.992 GC heap after
{Heap after GC invocations=12 (full 0):
 garbage-first heap   total 71680K, used 25139K [0x000000008a000000, 0x0000000100000000)
  region size 1024K, 2 young (2048K), 2 survivors (2048K)
 Metaspace       used 53734K, committed 54208K, reserved 1114112K
  class space    used 7291K, committed 7488K, reserved 1048576K
}
Event: 8.406 GC heap before
{Heap before GC invocations=12 (full 0):
 garbage-first heap   total 71680K, used 55859K [0x000000008a000000, 0x0000000100000000)
  region size 1024K, 32 young (32768K), 2 survivors (2048K)
 Metaspace       used 59436K, committed 60032K, reserved 1114112K
  class space    used 8036K, committed 8320K, reserved 1048576K
}
Event: 8.411 GC heap after
{Heap after GC invocations=13 (full 0):
 garbage-first heap   total 71680K, used 27005K [0x000000008a000000, 0x0000000100000000)
  region size 1024K, 4 young (4096K), 4 survivors (4096K)
 Metaspace       used 59436K, committed 60032K, reserved 1114112K
  class space    used 8036K, committed 8320K, reserved 1048576K
}
Event: 8.446 GC heap before
{Heap before GC invocations=13 (full 0):
 garbage-first heap   total 71680K, used 29053K [0x000000008a000000, 0x0000000100000000)
  region size 1024K, 7 young (7168K), 4 survivors (4096K)
 Metaspace       used 59712K, committed 60288K, reserved 1114112K
  class space    used 8076K, committed 8384K, reserved 1048576K
}
Event: 8.449 GC heap after
{Heap after GC invocations=14 (full 0):
 garbage-first heap   total 71680K, used 27488K [0x000000008a000000, 0x0000000100000000)
  region size 1024K, 3 young (3072K), 3 survivors (3072K)
 Metaspace       used 59712K, committed 60288K, reserved 1114112K
  class space    used 8076K, committed 8384K, reserved 1048576K
}
Event: 8.873 GC heap before
{Heap before GC invocations=15 (full 0):
 garbage-first heap   total 71680K, used 56160K [0x000000008a000000, 0x0000000100000000)
  region size 1024K, 31 young (31744K), 3 survivors (3072K)
 Metaspace       used 63386K, committed 63936K, reserved 1114112K
  class space    used 8780K, committed 9024K, reserved 1048576K
}
Event: 8.877 GC heap after
{Heap after GC invocations=16 (full 0):
 garbage-first heap   total 71680K, used 29144K [0x000000008a000000, 0x0000000100000000)
  region size 1024K, 3 young (3072K), 3 survivors (3072K)
 Metaspace       used 63386K, committed 63936K, reserved 1114112K
  class space    used 8780K, committed 9024K, reserved 1048576K
}
Event: 9.050 GC heap before
{Heap before GC invocations=17 (full 0):
 garbage-first heap   total 71680K, used 55768K [0x000000008a000000, 0x0000000100000000)
  region size 1024K, 30 young (30720K), 3 survivors (3072K)
 Metaspace       used 65146K, committed 65728K, reserved 1114112K
  class space    used 9157K, committed 9408K, reserved 1048576K
}
Event: 9.052 GC heap after
{Heap after GC invocations=18 (full 0):
 garbage-first heap   total 71680K, used 30350K [0x000000008a000000, 0x0000000100000000)
  region size 1024K, 4 young (4096K), 4 survivors (4096K)
 Metaspace       used 65146K, committed 65728K, reserved 1114112K
  class space    used 9157K, committed 9408K, reserved 1048576K
}
Event: 9.820 GC heap before
{Heap before GC invocations=18 (full 0):
 garbage-first heap   total 71680K, used 55950K [0x000000008a000000, 0x0000000100000000)
  region size 1024K, 30 young (30720K), 4 survivors (4096K)
 Metaspace       used 71251K, committed 71808K, reserved 1114112K
  class space    used 9922K, committed 10176K, reserved 1048576K
}
Event: 9.826 GC heap after
{Heap after GC invocations=19 (full 0):
 garbage-first heap   total 71680K, used 32544K [0x000000008a000000, 0x0000000100000000)
  region size 1024K, 4 young (4096K), 4 survivors (4096K)
 Metaspace       used 71251K, committed 71808K, reserved 1114112K
  class space    used 9922K, committed 10176K, reserved 1048576K
}

