# JRE version: OpenJDK Runtime Environment Temurin-21.0.8+9 (21.0.8+9) (build 21.0.8+9-LTS)
# Java VM: OpenJDK 64-Bit Server VM Temurin-21.0.8+9 (21.0.8+9-LTS, mixed mode, sharing, tiered, compressed oops, compressed class ptrs, parallel gc, windows-amd64)
GC Precious Log:
 CardTable entry size: 512
 CPUs: 12 total, 12 available
 Memory: 7549M
 Large Page Support: Disabled
 NUMA Support: Disabled
 Compressed Oops: Enabled (32-bit)
 Alignments: Space 512K, Generation 512K, Heap 2M
 Heap Min Capacity: 100M
 Heap Initial Capacity: 100M
 Heap Max Capacity: 2G
 Pre-touch: Disabled
 Parallel Workers: 10
Heap:
 PSYoungGen      total 8192K, used 4712K [0x00000000d5580000, 0x00000000d5f00000, 0x0000000100000000)
  eden space 7680K, 57% used [0x00000000d5580000,0x00000000d59ca068,0x00000000d5d00000)
  from space 512K, 62% used [0x00000000d5e80000,0x00000000d5ed0000,0x00000000d5f00000)
  to   space 512K, 0% used [0x00000000d5e00000,0x00000000d5e00000,0x00000000d5e80000)
 ParOldGen       total 772096K, used 771777K [0x0000000080000000, 0x00000000af200000, 0x00000000d5580000)
  object space 772096K, 99% used [0x0000000080000000,0x00000000af1b0798,0x00000000af200000)
 Metaspace       used 33838K, committed 35008K, reserved 1114112K
  class space    used 3329K, committed 3840K, reserved 1048576K
GC Heap History (20 events):
Event: 133.558 GC heap before
{Heap before GC invocations=1108 (full 1):
 PSYoungGen      total 9728K, used 9364K [0x00000000d5580000, 0x00000000d6000000, 0x0000000100000000)
  eden space 8704K, 100% used [0x00000000d5580000,0x00000000d5e00000,0x00000000d5e00000)
  from space 1024K, 64% used [0x00000000d5f00000,0x00000000d5fa5258,0x00000000d6000000)
  to   space 1024K, 0% used [0x00000000d5e00000,0x00000000d5e00000,0x00000000d5f00000)
 ParOldGen       total 766976K, used 766668K [0x0000000080000000, 0x00000000aed00000, 0x00000000d5580000)
  object space 766976K, 99% used [0x0000000080000000,0x00000000aecb3240,0x00000000aed00000)
 Metaspace       used 30139K, committed 31232K, reserved 1114112K
  class space    used 2822K, committed 3328K, reserved 1048576K
}
Event: 133.568 GC heap after
{Heap after GC invocations=1108 (full 1):
 PSYoungGen      total 9728K, used 662K [0x00000000d5580000, 0x00000000d6000000, 0x0000000100000000)
  eden space 8704K, 0% used [0x00000000d5580000,0x00000000d5580000,0x00000000d5e00000)
  from space 1024K, 64% used [0x00000000d5e00000,0x00000000d5ea5860,0x00000000d5f00000)
  to   space 1024K, 0% used [0x00000000d5f00000,0x00000000d5f00000,0x00000000d6000000)
 ParOldGen       total 768512K, used 767957K [0x0000000080000000, 0x00000000aee80000, 0x00000000d5580000)
  object space 768512K, 99% used [0x0000000080000000,0x00000000aedf56d8,0x00000000aee80000)
 Metaspace       used 30139K, committed 31232K, reserved 1114112K
  class space    used 2822K, committed 3328K, reserved 1048576K
}
Event: 133.640 GC heap before
{Heap before GC invocations=1109 (full 1):
 PSYoungGen      total 9728K, used 9366K [0x00000000d5580000, 0x00000000d6000000, 0x0000000100000000)
  eden space 8704K, 100% used [0x00000000d5580000,0x00000000d5e00000,0x00000000d5e00000)
  from space 1024K, 64% used [0x00000000d5e00000,0x00000000d5ea5860,0x00000000d5f00000)
  to   space 1024K, 0% used [0x00000000d5f00000,0x00000000d5f00000,0x00000000d6000000)
 ParOldGen       total 768512K, used 767957K [0x0000000080000000, 0x00000000aee80000, 0x00000000d5580000)
  object space 768512K, 99% used [0x0000000080000000,0x00000000aedf56d8,0x00000000aee80000)
 Metaspace       used 30147K, committed 31296K, reserved 1114112K
  class space    used 2822K, committed 3328K, reserved 1048576K
}
Event: 133.642 GC heap after
{Heap after GC invocations=1109 (full 1):
 PSYoungGen      total 9728K, used 427K [0x00000000d5580000, 0x00000000d6000000, 0x0000000100000000)
  eden space 8704K, 0% used [0x00000000d5580000,0x00000000d5580000,0x00000000d5e00000)
  from space 1024K, 41% used [0x00000000d5f00000,0x00000000d5f6afb0,0x00000000d6000000)
  to   space 1024K, 0% used [0x00000000d5e00000,0x00000000d5e00000,0x00000000d5f00000)
 ParOldGen       total 768512K, used 768438K [0x0000000080000000, 0x00000000aee80000, 0x00000000d5580000)
  object space 768512K, 99% used [0x0000000080000000,0x00000000aee6dbb0,0x00000000aee80000)
 Metaspace       used 30147K, committed 31296K, reserved 1114112K
  class space    used 2822K, committed 3328K, reserved 1048576K
}
Event: 133.665 GC heap before
{Heap before GC invocations=1110 (full 1):
 PSYoungGen      total 9728K, used 9131K [0x00000000d5580000, 0x00000000d6000000, 0x0000000100000000)
  eden space 8704K, 100% used [0x00000000d5580000,0x00000000d5e00000,0x00000000d5e00000)
  from space 1024K, 41% used [0x00000000d5f00000,0x00000000d5f6afb0,0x00000000d6000000)
  to   space 1024K, 0% used [0x00000000d5e00000,0x00000000d5e00000,0x00000000d5f00000)
 ParOldGen       total 768512K, used 768438K [0x0000000080000000, 0x00000000aee80000, 0x00000000d5580000)
  object space 768512K, 99% used [0x0000000080000000,0x00000000aee6dbb0,0x00000000aee80000)
 Metaspace       used 30147K, committed 31296K, reserved 1114112K
  class space    used 2822K, committed 3328K, reserved 1048576K
}
Event: 133.668 GC heap after
{Heap after GC invocations=1110 (full 1):
 PSYoungGen      total 9728K, used 484K [0x00000000d5580000, 0x00000000d5f80000, 0x0000000100000000)
  eden space 8704K, 0% used [0x00000000d5580000,0x00000000d5580000,0x00000000d5e00000)
  from space 1024K, 47% used [0x00000000d5e00000,0x00000000d5e79120,0x00000000d5f00000)
  to   space 512K, 0% used [0x00000000d5f00000,0x00000000d5f00000,0x00000000d5f80000)
 ParOldGen       total 769024K, used 768650K [0x0000000080000000, 0x00000000aef00000, 0x00000000d5580000)
  object space 769024K, 99% used [0x0000000080000000,0x00000000aeea2bb8,0x00000000aef00000)
 Metaspace       used 30147K, committed 31296K, reserved 1114112K
  class space    used 2822K, committed 3328K, reserved 1048576K
}
Event: 133.758 GC heap before
{Heap before GC invocations=1111 (full 1):
 PSYoungGen      total 9728K, used 9188K [0x00000000d5580000, 0x00000000d5f80000, 0x0000000100000000)
  eden space 8704K, 100% used [0x00000000d5580000,0x00000000d5e00000,0x00000000d5e00000)
  from space 1024K, 47% used [0x00000000d5e00000,0x00000000d5e79120,0x00000000d5f00000)
  to   space 512K, 0% used [0x00000000d5f00000,0x00000000d5f00000,0x00000000d5f80000)
 ParOldGen       total 769024K, used 768650K [0x0000000080000000, 0x00000000aef00000, 0x00000000d5580000)
  object space 769024K, 99% used [0x0000000080000000,0x00000000aeea2bb8,0x00000000aef00000)
 Metaspace       used 30163K, committed 31296K, reserved 1114112K
  class space    used 2827K, committed 3328K, reserved 1048576K
}
Event: 133.764 GC heap after
{Heap after GC invocations=1111 (full 1):
 PSYoungGen      total 8192K, used 512K [0x00000000d5580000, 0x00000000d6200000, 0x0000000100000000)
  eden space 7680K, 0% used [0x00000000d5580000,0x00000000d5580000,0x00000000d5d00000)
  from space 512K, 100% used [0x00000000d5f00000,0x00000000d5f80000,0x00000000d5f80000)
  to   space 2048K, 0% used [0x00000000d5d00000,0x00000000d5d00000,0x00000000d5f00000)
 ParOldGen       total 770048K, used 769576K [0x0000000080000000, 0x00000000af000000, 0x00000000d5580000)
  object space 770048K, 99% used [0x0000000080000000,0x00000000aef8a160,0x00000000af000000)
 Metaspace       used 30163K, committed 31296K, reserved 1114112K
  class space    used 2827K, committed 3328K, reserved 1048576K
}
Event: 134.681 GC heap before
{Heap before GC invocations=1112 (full 1):
 PSYoungGen      total 8192K, used 8192K [0x00000000d5580000, 0x00000000d6200000, 0x0000000100000000)
  eden space 7680K, 100% used [0x00000000d5580000,0x00000000d5d00000,0x00000000d5d00000)
  from space 512K, 100% used [0x00000000d5f00000,0x00000000d5f80000,0x00000000d5f80000)
  to   space 2048K, 0% used [0x00000000d5d00000,0x00000000d5d00000,0x00000000d5f00000)
 ParOldGen       total 770048K, used 769576K [0x0000000080000000, 0x00000000af000000, 0x00000000d5580000)
  object space 770048K, 99% used [0x0000000080000000,0x00000000aef8a160,0x00000000af000000)
 Metaspace       used 30393K, committed 31552K, reserved 1114112K
  class space    used 2870K, committed 3392K, reserved 1048576K
}
Event: 134.690 GC heap after
{Heap after GC invocations=1112 (full 1):
 PSYoungGen      total 9216K, used 1152K [0x00000000d5580000, 0x00000000d6000000, 0x0000000100000000)
  eden space 7680K, 0% used [0x00000000d5580000,0x00000000d5580000,0x00000000d5d00000)
  from space 1536K, 75% used [0x00000000d5d00000,0x00000000d5e20000,0x00000000d5e80000)
  to   space 1536K, 0% used [0x00000000d5e80000,0x00000000d5e80000,0x00000000d6000000)
 ParOldGen       total 770048K, used 770040K [0x0000000080000000, 0x00000000af000000, 0x00000000d5580000)
  object space 770048K, 99% used [0x0000000080000000,0x00000000aeffe170,0x00000000af000000)
 Metaspace       used 30393K, committed 31552K, reserved 1114112K
  class space    used 2870K, committed 3392K, reserved 1048576K
}
Event: 1492.711 GC heap before
{Heap before GC invocations=1113 (full 1):
 PSYoungGen      total 9216K, used 8832K [0x00000000d5580000, 0x00000000d6000000, 0x0000000100000000)
  eden space 7680K, 100% used [0x00000000d5580000,0x00000000d5d00000,0x00000000d5d00000)
  from space 1536K, 75% used [0x00000000d5d00000,0x00000000d5e20000,0x00000000d5e80000)
  to   space 1536K, 0% used [0x00000000d5e80000,0x00000000d5e80000,0x00000000d6000000)
 ParOldGen       total 770048K, used 770040K [0x0000000080000000, 0x00000000af000000, 0x00000000d5580000)
  object space 770048K, 99% used [0x0000000080000000,0x00000000aeffe170,0x00000000af000000)
 Metaspace       used 30748K, committed 31872K, reserved 1114112K
  class space    used 2903K, committed 3392K, reserved 1048576K
}
Event: 1493.011 GC heap after
{Heap after GC invocations=1113 (full 1):
 PSYoungGen      total 8704K, used 562K [0x00000000d5580000, 0x00000000d5f80000, 0x0000000100000000)
  eden space 7680K, 0% used [0x00000000d5580000,0x00000000d5580000,0x00000000d5d00000)
  from space 1024K, 54% used [0x00000000d5e80000,0x00000000d5f0c948,0x00000000d5f80000)
  to   space 1024K, 0% used [0x00000000d5d80000,0x00000000d5d80000,0x00000000d5e80000)
 ParOldGen       total 771072K, used 770968K [0x0000000080000000, 0x00000000af100000, 0x00000000d5580000)
  object space 771072K, 99% used [0x0000000080000000,0x00000000af0e6170,0x00000000af100000)
 Metaspace       used 30748K, committed 31872K, reserved 1114112K
  class space    used 2903K, committed 3392K, reserved 1048576K
}
Event: 1493.226 GC heap before
{Heap before GC invocations=1114 (full 1):
 PSYoungGen      total 8704K, used 8242K [0x00000000d5580000, 0x00000000d5f80000, 0x0000000100000000)
  eden space 7680K, 100% used [0x00000000d5580000,0x00000000d5d00000,0x00000000d5d00000)
  from space 1024K, 54% used [0x00000000d5e80000,0x00000000d5f0c948,0x00000000d5f80000)
  to   space 1024K, 0% used [0x00000000d5d80000,0x00000000d5d80000,0x00000000d5e80000)
 ParOldGen       total 771072K, used 770968K [0x0000000080000000, 0x00000000af100000, 0x00000000d5580000)
  object space 771072K, 99% used [0x0000000080000000,0x00000000af0e6170,0x00000000af100000)
 Metaspace       used 30750K, committed 31872K, reserved 1114112K
  class space    used 2903K, committed 3392K, reserved 1048576K
}
Event: 1493.232 GC heap after
{Heap after GC invocations=1114 (full 1):
 PSYoungGen      total 8704K, used 160K [0x00000000d5580000, 0x00000000d5f00000, 0x0000000100000000)
  eden space 7680K, 0% used [0x00000000d5580000,0x00000000d5580000,0x00000000d5d00000)
  from space 1024K, 15% used [0x00000000d5d80000,0x00000000d5da8000,0x00000000d5e80000)
  to   space 512K, 0% used [0x00000000d5e80000,0x00000000d5e80000,0x00000000d5f00000)
 ParOldGen       total 771584K, used 771304K [0x0000000080000000, 0x00000000af180000, 0x00000000d5580000)
  object space 771584K, 99% used [0x0000000080000000,0x00000000af13a1a0,0x00000000af180000)
 Metaspace       used 30750K, committed 31872K, reserved 1114112K
  class space    used 2903K, committed 3392K, reserved 1048576K
}
Event: 1493.892 GC heap before
{Heap before GC invocations=1115 (full 1):
 PSYoungGen      total 8704K, used 7826K [0x00000000d5580000, 0x00000000d5f00000, 0x0000000100000000)
  eden space 7680K, 99% used [0x00000000d5580000,0x00000000d5cfc938,0x00000000d5d00000)
  from space 1024K, 15% used [0x00000000d5d80000,0x00000000d5da8000,0x00000000d5e80000)
  to   space 512K, 0% used [0x00000000d5e80000,0x00000000d5e80000,0x00000000d5f00000)
 ParOldGen       total 771584K, used 771304K [0x0000000080000000, 0x00000000af180000, 0x00000000d5580000)
  object space 771584K, 99% used [0x0000000080000000,0x00000000af13a1a0,0x00000000af180000)
 Metaspace       used 31598K, committed 32704K, reserved 1114112K
  class space    used 2983K, committed 3456K, reserved 1048576K
}
Event: 1493.896 GC heap after
{Heap after GC invocations=1115 (full 1):
 PSYoungGen      total 8192K, used 497K [0x00000000d5580000, 0x00000000d5f00000, 0x0000000100000000)
  eden space 7680K, 0% used [0x00000000d5580000,0x00000000d5580000,0x00000000d5d00000)
  from space 512K, 97% used [0x00000000d5e80000,0x00000000d5efc5c8,0x00000000d5f00000)
  to   space 1024K, 0% used [0x00000000d5d00000,0x00000000d5d00000,0x00000000d5e00000)
 ParOldGen       total 771584K, used 771336K [0x0000000080000000, 0x00000000af180000, 0x00000000d5580000)
  object space 771584K, 99% used [0x0000000080000000,0x00000000af1421a0,0x00000000af180000)
 Metaspace       used 31598K, committed 32704K, reserved 1114112K
  class space    used 2983K, committed 3456K, reserved 1048576K
}
Event: 1494.142 GC heap before
{Heap before GC invocations=1116 (full 1):
 PSYoungGen      total 8192K, used 8177K [0x00000000d5580000, 0x00000000d5f00000, 0x0000000100000000)
  eden space 7680K, 100% used [0x00000000d5580000,0x00000000d5d00000,0x00000000d5d00000)
  from space 512K, 97% used [0x00000000d5e80000,0x00000000d5efc5c8,0x00000000d5f00000)
  to   space 1024K, 0% used [0x00000000d5d00000,0x00000000d5d00000,0x00000000d5e00000)
 ParOldGen       total 771584K, used 771336K [0x0000000080000000, 0x00000000af180000, 0x00000000d5580000)
  object space 771584K, 99% used [0x0000000080000000,0x00000000af1421a0,0x00000000af180000)
 Metaspace       used 32493K, committed 33600K, reserved 1114112K
  class space    used 3109K, committed 3584K, reserved 1048576K
}
Event: 1494.145 GC heap after
{Heap after GC invocations=1116 (full 1):
 PSYoungGen      total 8704K, used 288K [0x00000000d5580000, 0x00000000d5f00000, 0x0000000100000000)
  eden space 7680K, 0% used [0x00000000d5580000,0x00000000d5580000,0x00000000d5d00000)
  from space 1024K, 28% used [0x00000000d5d00000,0x00000000d5d48000,0x00000000d5e00000)
  to   space 512K, 0% used [0x00000000d5e80000,0x00000000d5e80000,0x00000000d5f00000)
 ParOldGen       total 772096K, used 771617K [0x0000000080000000, 0x00000000af200000, 0x00000000d5580000)
  object space 772096K, 99% used [0x0000000080000000,0x00000000af188768,0x00000000af200000)
 Metaspace       used 32493K, committed 33600K, reserved 1114112K
  class space    used 3109K, committed 3584K, reserved 1048576K
}
Event: 1494.392 GC heap before
{Heap before GC invocations=1117 (full 1):
 PSYoungGen      total 8704K, used 7968K [0x00000000d5580000, 0x00000000d5f00000, 0x0000000100000000)
  eden space 7680K, 100% used [0x00000000d5580000,0x00000000d5d00000,0x00000000d5d00000)
  from space 1024K, 28% used [0x00000000d5d00000,0x00000000d5d48000,0x00000000d5e00000)
  to   space 512K, 0% used [0x00000000d5e80000,0x00000000d5e80000,0x00000000d5f00000)
 ParOldGen       total 772096K, used 771617K [0x0000000080000000, 0x00000000af200000, 0x00000000d5580000)
  object space 772096K, 99% used [0x0000000080000000,0x00000000af188768,0x00000000af200000)
 Metaspace       used 33206K, committed 34368K, reserved 1114112K
  class space    used 3254K, committed 3776K, reserved 1048576K
}
Event: 1494.394 GC heap after
{Heap after GC invocations=1117 (full 1):
 PSYoungGen      total 8192K, used 320K [0x00000000d5580000, 0x00000000d5f00000, 0x0000000100000000)
  eden space 7680K, 0% used [0x00000000d5580000,0x00000000d5580000,0x00000000d5d00000)
  from space 512K, 62% used [0x00000000d5e80000,0x00000000d5ed0000,0x00000000d5f00000)
  to   space 512K, 0% used [0x00000000d5e00000,0x00000000d5e00000,0x00000000d5e80000)
 ParOldGen       total 772096K, used 771777K [0x0000000080000000, 0x00000000af200000, 0x00000000d5580000)
  object space 772096K, 99% used [0x0000000080000000,0x00000000af1b0798,0x00000000af200000)
 Metaspace       used 33206K, committed 34368K, reserved 1114112K
  class space    used 3254K, committed 3776K, reserved 1048576K
}

